# JRE version: Java(TM) SE Runtime Environment (7.0_51-b13) (build 1.7.0_51-b13)
# Java VM: Java HotSpot(TM) 64-Bit Server VM (24.51-b03 mixed mode windows-amd64 compressed oops)
Heap
 PSYoungGen      total 663552K, used 9879K [0x00000007d6e00000, 0x0000000800000000, 0x0000000800000000)
  eden space 663040K, 1% used [0x00000007d6e00000,0x00000007d77a5d88,0x00000007ff580000)
  from space 512K, 0% used [0x00000007fff80000,0x00000007fff80000,0x0000000800000000)
  to   space 512K, 0% used [0x00000007fff00000,0x00000007fff00000,0x00000007fff80000)
 ParOldGen       total 1347584K, used 105587K [0x0000000784a00000, 0x00000007d6e00000, 0x00000007d6e00000)
  object space 1347584K, 7% used [0x0000000784a00000,0x000000078b11ce98,0x00000007d6e00000)
 PSPermGen       total 83968K, used 83967K [0x000000077f800000, 0x0000000784a00000, 0x0000000784a00000)
  object space 83968K, 99% used [0x000000077f800000,0x00000007849ffec8,0x0000000784a00000)
GC Heap History (10 events):
Event: 2877.418 GC heap before
{Heap before GC invocations=455 (full 215):
 PSYoungGen      total 673280K, used 672768K [0x00000007d6e00000, 0x0000000800000000, 0x0000000800000000)
  eden space 672768K, 100% used [0x00000007d6e00000,0x00000007fff00000,0x00000007fff00000)
  from space 512K, 0% used [0x00000007fff00000,0x00000007fff00000,0x00000007fff80000)
  to   space 512K, 0% used [0x00000007fff80000,0x00000007fff80000,0x0000000800000000)
 ParOldGen       total 1347584K, used 105443K [0x0000000784a00000, 0x00000007d6e00000, 0x00000007d6e00000)
  object space 1347584K, 7% used [0x0000000784a00000,0x000000078b0f8e80,0x00000007d6e00000)
 PSPermGen       total 83968K, used 83965K [0x000000077f800000, 0x0000000784a00000, 0x0000000784a00000)
  object space 83968K, 99% used [0x000000077f800000,0x00000007849ff4f8,0x0000000784a00000)
Event: 2877.426 GC heap after
Heap after GC invocations=455 (full 215):
 PSYoungGen      total 673280K, used 224K [0x00000007d6e00000, 0x0000000800000000, 0x0000000800000000)
  eden space 672768K, 0% used [0x00000007d6e00000,0x00000007d6e00000,0x00000007fff00000)
  from space 512K, 43% used [0x00000007fff80000,0x00000007fffb8000,0x0000000800000000)
  to   space 512K, 0% used [0x00000007fff00000,0x00000007fff00000,0x00000007fff80000)
 ParOldGen       total 1347584K, used 105443K [0x0000000784a00000, 0x00000007d6e00000, 0x00000007d6e00000)
  object space 1347584K, 7% used [0x0000000784a00000,0x000000078b0f8e80,0x00000007d6e00000)
 PSPermGen       total 83968K, used 83965K [0x000000077f800000, 0x0000000784a00000, 0x0000000784a00000)
  object space 83968K, 99% used [0x000000077f800000,0x00000007849ff4f8,0x0000000784a00000)
}
Event: 3138.956 GC heap before
{Heap before GC invocations=456 (full 215):
 PSYoungGen      total 673280K, used 222069K [0x00000007d6e00000, 0x0000000800000000, 0x0000000800000000)
  eden space 672768K, 32% used [0x00000007d6e00000,0x00000007e46a5470,0x00000007fff00000)
  from space 512K, 43% used [0x00000007fff80000,0x00000007fffb8000,0x0000000800000000)
  to   space 512K, 0% used [0x00000007fff00000,0x00000007fff00000,0x00000007fff80000)
 ParOldGen       total 1347584K, used 105443K [0x0000000784a00000, 0x00000007d6e00000, 0x00000007d6e00000)
  object space 1347584K, 7% used [0x0000000784a00000,0x000000078b0f8e80,0x00000007d6e00000)
 PSPermGen       total 83968K, used 83967K [0x000000077f800000, 0x0000000784a00000, 0x0000000784a00000)
  object space 83968K, 99% used [0x000000077f800000,0x00000007849ffec8,0x0000000784a00000)
Event: 3138.959 GC heap after
Heap after GC invocations=456 (full 215):
 PSYoungGen      total 661504K, used 256K [0x00000007d6e00000, 0x0000000800000000, 0x0000000800000000)
  eden space 660992K, 0% used [0x00000007d6e00000,0x00000007d6e00000,0x00000007ff380000)
  from space 512K, 50% used [0x00000007fff00000,0x00000007fff40000,0x00000007fff80000)
  to   space 512K, 0% used [0x00000007fff80000,0x00000007fff80000,0x0000000800000000)
 ParOldGen       total 1347584K, used 105443K [0x0000000784a00000, 0x00000007d6e00000, 0x00000007d6e00000)
  object space 1347584K, 7% used [0x0000000784a00000,0x000000078b0f8e80,0x00000007d6e00000)
 PSPermGen       total 83968K, used 83967K [0x000000077f800000, 0x0000000784a00000, 0x0000000784a00000)
  object space 83968K, 99% used [0x000000077f800000,0x00000007849ffec8,0x0000000784a00000)
}
Event: 3138.959 GC heap before
{Heap before GC invocations=457 (full 216):
 PSYoungGen      total 661504K, used 256K [0x00000007d6e00000, 0x0000000800000000, 0x0000000800000000)
  eden space 660992K, 0% used [0x00000007d6e00000,0x00000007d6e00000,0x00000007ff380000)
  from space 512K, 50% used [0x00000007fff00000,0x00000007fff40000,0x00000007fff80000)
  to   space 512K, 0% used [0x00000007fff80000,0x00000007fff80000,0x0000000800000000)
 ParOldGen       total 1347584K, used 105443K [0x0000000784a00000, 0x00000007d6e00000, 0x00000007d6e00000)
  object space 1347584K, 7% used [0x0000000784a00000,0x000000078b0f8e80,0x00000007d6e00000)
 PSPermGen       total 83968K, used 83967K [0x000000077f800000, 0x0000000784a00000, 0x0000000784a00000)
  object space 83968K, 99% used [0x000000077f800000,0x00000007849ffec8,0x0000000784a00000)
Event: 3139.103 GC heap after
Heap after GC invocations=457 (full 216):
 PSYoungGen      total 661504K, used 0K [0x00000007d6e00000, 0x0000000800000000, 0x0000000800000000)
  eden space 660992K, 0% used [0x00000007d6e00000,0x00000007d6e00000,0x00000007ff380000)
  from space 512K, 0% used [0x00000007fff00000,0x00000007fff00000,0x00000007fff80000)
  to   space 512K, 0% used [0x00000007fff80000,0x00000007fff80000,0x0000000800000000)
 ParOldGen       total 1347584K, used 105590K [0x0000000784a00000, 0x00000007d6e00000, 0x00000007d6e00000)
  object space 1347584K, 7% used [0x0000000784a00000,0x000000078b11db88,0x00000007d6e00000)
 PSPermGen       total 83968K, used 83967K [0x000000077f800000, 0x0000000784a00000, 0x0000000784a00000)
  object space 83968K, 99% used [0x000000077f800000,0x00000007849ffec8,0x0000000784a00000)
}
Event: 3139.103 GC heap before
{Heap before GC invocations=458 (full 216):
 PSYoungGen      total 661504K, used 0K [0x00000007d6e00000, 0x0000000800000000, 0x0000000800000000)
  eden space 660992K, 0% used [0x00000007d6e00000,0x00000007d6e00000,0x00000007ff380000)
  from space 512K, 0% used [0x00000007fff00000,0x00000007fff00000,0x00000007fff80000)
  to   space 512K, 0% used [0x00000007fff80000,0x00000007fff80000,0x0000000800000000)
 ParOldGen       total 1347584K, used 105590K [0x0000000784a00000, 0x00000007d6e00000, 0x00000007d6e00000)
  object space 1347584K, 7% used [0x0000000784a00000,0x000000078b11db88,0x00000007d6e00000)
 PSPermGen       total 83968K, used 83967K [0x000000077f800000, 0x0000000784a00000, 0x0000000784a00000)
  object space 83968K, 99% used [0x000000077f800000,0x00000007849ffec8,0x0000000784a00000)
Event: 3139.105 GC heap after
Heap after GC invocations=458 (full 216):
 PSYoungGen      total 663552K, used 0K [0x00000007d6e00000, 0x0000000800000000, 0x0000000800000000)
  eden space 663040K, 0% used [0x00000007d6e00000,0x00000007d6e00000,0x00000007ff580000)
  from space 512K, 0% used [0x00000007fff80000,0x00000007fff80000,0x0000000800000000)
  to   space 512K, 0% used [0x00000007fff00000,0x00000007fff00000,0x00000007fff80000)
 ParOldGen       total 1347584K, used 105590K [0x0000000784a00000, 0x00000007d6e00000, 0x00000007d6e00000)
  object space 1347584K, 7% used [0x0000000784a00000,0x000000078b11db88,0x00000007d6e00000)
 PSPermGen       total 83968K, used 83967K [0x000000077f800000, 0x0000000784a00000, 0x0000000784a00000)
  object space 83968K, 99% used [0x000000077f800000,0x00000007849ffec8,0x0000000784a00000)
}
Event: 3139.105 GC heap before
{Heap before GC invocations=459 (full 217):
 PSYoungGen      total 663552K, used 0K [0x00000007d6e00000, 0x0000000800000000, 0x0000000800000000)
  eden space 663040K, 0% used [0x00000007d6e00000,0x00000007d6e00000,0x00000007ff580000)
  from space 512K, 0% used [0x00000007fff80000,0x00000007fff80000,0x0000000800000000)
  to   space 512K, 0% used [0x00000007fff00000,0x00000007fff00000,0x00000007fff80000)
 ParOldGen       total 1347584K, used 105590K [0x0000000784a00000, 0x00000007d6e00000, 0x00000007d6e00000)
  object space 1347584K, 7% used [0x0000000784a00000,0x000000078b11db88,0x00000007d6e00000)
 PSPermGen       total 83968K, used 83967K [0x000000077f800000, 0x0000000784a00000, 0x0000000784a00000)
  object space 83968K, 99% used [0x000000077f800000,0x00000007849ffec8,0x0000000784a00000)
Event: 3139.354 GC heap after
Heap after GC invocations=459 (full 217):
 PSYoungGen      total 663552K, used 0K [0x00000007d6e00000, 0x0000000800000000, 0x0000000800000000)
  eden space 663040K, 0% used [0x00000007d6e00000,0x00000007d6e00000,0x00000007ff580000)
  from space 512K, 0% used [0x00000007fff80000,0x00000007fff80000,0x0000000800000000)
  to   space 512K, 0% used [0x00000007fff00000,0x00000007fff00000,0x00000007fff80000)
 ParOldGen       total 1347584K, used 105587K [0x0000000784a00000, 0x00000007d6e00000, 0x00000007d6e00000)
  object space 1347584K, 7% used [0x0000000784a00000,0x000000078b11ce98,0x00000007d6e00000)
 PSPermGen       total 83968K, used 83967K [0x000000077f800000, 0x0000000784a00000, 0x0000000784a00000)
  object space 83968K, 99% used [0x000000077f800000,0x00000007849ffec8,0x0000000784a00000)
}

